<?xml version="1.0" encoding="UTF-8"?>
<robot generator="Robot 7.2.2 (Python 3.13.3 on darwin)" generated="2025-05-07T10:37:45.991494" rpa="false" schemaversion="5">
<suite id="s1" name="Browser Test" source="/Users/kabelomodipa/Documents/GitHub/learningRobotFrameWork/tests/browser_test.robot">
<kw name="Open Managed Browser" type="SETUP">
<kw name="Get Chrome Driver" owner="DriverManager">
<msg time="2025-05-07T10:37:46.152670" level="INFO">====== WebDriver manager ======</msg>
<msg time="2025-05-07T10:37:46.208485" level="INFO">There is no [mac_arm64] chromedriver for browser 135.0.7049 in cache</msg>
<msg time="2025-05-07T10:37:46.208717" level="INFO">About to download new driver from https://chromedriver.storage.googleapis.com/135.0.7049/chromedriver_mac_arm64.zip</msg>
<msg time="2025-05-07T10:37:46.719894" level="FAIL">ValueError: There is no such driver by url https://chromedriver.storage.googleapis.com/135.0.7049/chromedriver_mac_arm64.zip</msg>
<var>${driver_path}</var>
<status status="FAIL" start="2025-05-07T10:37:46.117668" elapsed="0.605251">ValueError: There is no such driver by url https://chromedriver.storage.googleapis.com/135.0.7049/chromedriver_mac_arm64.zip</status>
</kw>
<kw name="Open Browser" owner="SeleniumLibrary">
<arg>${BASE_URL}</arg>
<arg>${BROWSER}</arg>
<arg>executable_path=${driver_path}</arg>
<doc>Opens a new browser instance to the optional ``url``.</doc>
<status status="NOT RUN" start="2025-05-07T10:37:46.723571" elapsed="0.000056"/>
</kw>
<status status="FAIL" start="2025-05-07T10:37:46.117346" elapsed="0.606503">ValueError: There is no such driver by url https://chromedriver.storage.googleapis.com/135.0.7049/chromedriver_mac_arm64.zip</status>
</kw>
<test id="s1-t1" name="Verify Google Title" line="19">
<doc>Open google.com and verify its title</doc>
<status status="FAIL" start="2025-05-07T10:37:46.723980" elapsed="0.000810">Parent suite setup failed:
ValueError: There is no such driver by url https://chromedriver.storage.googleapis.com/135.0.7049/chromedriver_mac_arm64.zip</status>
</test>
<kw name="Close All Browsers" owner="SeleniumLibrary" type="TEARDOWN">
<doc>Closes all open browsers and resets the browser cache.</doc>
<status status="PASS" start="2025-05-07T10:37:46.725656" elapsed="0.000391"/>
</kw>
<status status="FAIL" start="2025-05-07T10:37:45.992266" elapsed="0.733889">Suite setup failed:
ValueError: There is no such driver by url https://chromedriver.storage.googleapis.com/135.0.7049/chromedriver_mac_arm64.zip</status>
</suite>
<statistics>
<total>
<stat pass="0" fail="1" skip="0">All Tests</stat>
</total>
<tag>
</tag>
<suite>
<stat name="Browser Test" id="s1" pass="0" fail="1" skip="0">Browser Test</stat>
</suite>
</statistics>
<errors>
</errors>
</robot>
