<?xml version="1.0" encoding="UTF-8"?>
<robot generator="Robot 7.2.2 (Python 3.9.22 on linux)" generated="2025-05-07T13:24:52.632235" rpa="false" schemaversion="5">
<suite id="s1" name="Tests" source="/app/tests">
<suite id="s1-s1" name="Browser Test" source="/app/tests/browser_test.robot">
<kw name="Open Managed Browser" type="SETUP">
<msg time="2025-05-07T13:24:52.890125" level="TRACE">Arguments: [  ]</msg>
<kw name="Get Chrome Driver" owner="DriverManager">
<msg time="2025-05-07T13:24:52.890911" level="TRACE">Arguments: [  ]</msg>
<msg time="2025-05-07T13:24:52.894539" level="INFO">====== WebDriver manager ======</msg>
<msg time="2025-05-07T13:24:52.912474" level="INFO">Get LATEST chromedriver version for google-chrome None</msg>
<msg time="2025-05-07T13:24:52.915042" level="DEBUG">Starting new HTTPS connection (1): chromedriver.storage.googleapis.com:443</msg>
<msg time="2025-05-07T13:24:53.201173" level="DEBUG">https://chromedriver.storage.googleapis.com:443 "GET /LATEST_RELEASE HTTP/1.1" 200 13</msg>
<msg time="2025-05-07T13:24:53.215151" level="INFO">There is no [linux64] chromedriver for browser None in cache</msg>
<msg time="2025-05-07T13:24:53.215631" level="INFO">About to download new driver from https://chromedriver.storage.googleapis.com/114.0.5735.90/chromedriver_linux64.zip</msg>
<msg time="2025-05-07T13:24:53.217155" level="DEBUG">Starting new HTTPS connection (1): chromedriver.storage.googleapis.com:443</msg>
<msg time="2025-05-07T13:24:53.579771" level="DEBUG">https://chromedriver.storage.googleapis.com:443 "GET /114.0.5735.90/chromedriver_linux64.zip HTTP/1.1" 200 7407250</msg>
<msg time="2025-05-07T13:24:54.964999" level="INFO">Error detecting Chrome version: [Errno 2] No such file or directory: '/Applications/Google Chrome.app/Contents/MacOS/Google Chrome'</msg>
<msg time="2025-05-07T13:24:54.966393" level="INFO">[WDM] - Downloading:   0%|          | 0.00/7.06M [00:00&lt;?, ?B/s][WDM] - Downloading:   2%|2         | 160k/7.06M [00:00&lt;00:04, 1.64MB/s][WDM] - Downloading:   6%|5         | 400k/7.06M [00:00&lt;00:03, 1.94MB/s][WDM] - Downloading:  21%|##1       | 1.51M/7.06M [00:00&lt;00:00, 6.18MB/s][WDM] - Downloading:  30%|##9       | 2.12M/7.06M [00:00&lt;00:01, 4.58MB/s][WDM] - Downloading:  48%|####8     | 3.40M/7.06M [00:00&lt;00:00, 7.04MB/s][WDM] - Downloading:  59%|#####8    | 4.16M/7.06M [00:00&lt;00:00, 6.68MB/s][WDM] - Downloading:  69%|######8   | 4.87M/7.06M [00:00&lt;00:00, 6.29MB/s][WDM] - Downloading:  78%|#######8  | 5.52M/7.06M [00:01&lt;00:00, 5.48MB/s][WDM] - Downloading:  87%|########7 | 6.16M/7.06M [00:01&lt;00:00, 5.80MB/s][WDM] - Downloading:  96%|#########5| 6.76M/7.06M [00:01&lt;00:00, 5.87MB/s][WDM] - Downloading: 100%|##########| 7.06M/7.06M [00:01&lt;00:00, 5.52MB/s]</msg>
<msg time="2025-05-07T13:24:54.968653" level="FAIL">PermissionError: [Errno 13] Permission denied: '/home/robot'</msg>
<msg time="2025-05-07T13:24:54.971201" level="DEBUG">Traceback (most recent call last):
  File "/app/lib/DriverManager.py", line 27, in get_chrome_driver
    return ChromeDriverManager(version=driver_version).install()
  File "/usr/local/lib/python3.9/site-packages/webdriver_manager/chrome.py", line 39, in install
    driver_path = self._get_driver_path(self.driver)
  File "/usr/local/lib/python3.9/site-packages/webdriver_manager/core/manager.py", line 31, in _get_driver_path
    binary_path = self.driver_cache.save_file_to_cache(driver, file)
  File "/usr/local/lib/python3.9/site-packages/webdriver_manager/core/driver_cache.py", line 45, in save_file_to_cache
    archive = save_file(file, path)
  File "/usr/local/lib/python3.9/site-packages/webdriver_manager/core/utils.py", line 38, in save_file
    os.makedirs(directory, exist_ok=True)
  File "/usr/local/lib/python3.9/os.py", line 215, in makedirs
    makedirs(head, exist_ok=exist_ok)
  File "/usr/local/lib/python3.9/os.py", line 215, in makedirs
    makedirs(head, exist_ok=exist_ok)
  File "/usr/local/lib/python3.9/os.py", line 215, in makedirs
    makedirs(head, exist_ok=exist_ok)
  [Previous line repeated 2 more times]
  File "/usr/local/lib/python3.9/os.py", line 225, in makedirs
    mkdir(name, mode)
PermissionError: [Errno 13] Permission denied: '/home/robot'</msg>
<var>${driver_path}</var>
<status status="FAIL" start="2025-05-07T13:24:52.890800" elapsed="2.080629">PermissionError: [Errno 13] Permission denied: '/home/robot'</status>
</kw>
<kw name="Open Browser" owner="SeleniumLibrary">
<arg>${BASE_URL}</arg>
<arg>${BROWSER}</arg>
<arg>executable_path=${driver_path}</arg>
<doc>Opens a new browser instance to the optional ``url``.</doc>
<status status="NOT RUN" start="2025-05-07T13:24:54.976343" elapsed="0.000218"/>
</kw>
<status status="FAIL" start="2025-05-07T13:24:52.889963" elapsed="2.087178">PermissionError: [Errno 13] Permission denied: '/home/robot'</status>
</kw>
<test id="s1-s1-t1" name="Verify Google Title" line="19">
<doc>Open google.com and verify its title</doc>
<status status="FAIL" start="2025-05-07T13:24:54.977877" elapsed="0.001326">Parent suite setup failed:
PermissionError: [Errno 13] Permission denied: '/home/robot'</status>
</test>
<kw name="Close All Browsers" owner="SeleniumLibrary" type="TEARDOWN">
<msg time="2025-05-07T13:24:54.981174" level="TRACE">Arguments: [  ]</msg>
<msg time="2025-05-07T13:24:54.981624" level="DEBUG">Closing all browsers.</msg>
<msg time="2025-05-07T13:24:54.981828" level="TRACE">Return: None</msg>
<doc>Closes all open browsers and resets the browser cache.</doc>
<status status="PASS" start="2025-05-07T13:24:54.980824" elapsed="0.001125"/>
</kw>
<status status="FAIL" start="2025-05-07T13:24:52.658869" elapsed="2.323170">Suite setup failed:
PermissionError: [Errno 13] Permission denied: '/home/robot'</status>
</suite>
<suite id="s1-s2" name="Hello World" source="/app/tests/hello_world.robot">
<test id="s1-s2-t1" name="Hello World Should Pass" line="5">
<kw name="Log" owner="BuiltIn">
<msg time="2025-05-07T13:24:54.991352" level="TRACE">Arguments: [ 'Hello, Robot Framework on macOS!' ]</msg>
<msg time="2025-05-07T13:24:54.991525" level="INFO">Hello, Robot Framework on macOS!</msg>
<msg time="2025-05-07T13:24:54.991623" level="TRACE">Return: None</msg>
<arg>Hello, Robot Framework on macOS!</arg>
<doc>Logs the given message with the given level.</doc>
<status status="PASS" start="2025-05-07T13:24:54.991097" elapsed="0.000595"/>
</kw>
<kw name="Should Be True" owner="BuiltIn">
<msg time="2025-05-07T13:24:54.992531" level="TRACE">Arguments: [ True | msg='Basic sanity check' ]</msg>
<msg time="2025-05-07T13:24:54.992634" level="TRACE">Return: None</msg>
<arg>${True}</arg>
<arg>msg=Basic sanity check</arg>
<doc>Fails if the given condition is not true.</doc>
<status status="PASS" start="2025-05-07T13:24:54.992230" elapsed="0.000511"/>
</kw>
<status status="PASS" start="2025-05-07T13:24:54.990479" elapsed="0.002426"/>
</test>
<status status="PASS" start="2025-05-07T13:24:54.982615" elapsed="0.010482"/>
</suite>
<status status="FAIL" start="2025-05-07T13:24:52.635643" elapsed="2.357794"/>
</suite>
<statistics>
<total>
<stat pass="1" fail="1" skip="0">All Tests</stat>
</total>
<tag>
</tag>
<suite>
<stat name="Tests" id="s1" pass="1" fail="1" skip="0">Tests</stat>
<stat name="Browser Test" id="s1-s1" pass="0" fail="1" skip="0">Tests.Browser Test</stat>
<stat name="Hello World" id="s1-s2" pass="1" fail="0" skip="0">Tests.Hello World</stat>
</suite>
</statistics>
<errors>
</errors>
</robot>
